Tue Dec 12 2017 18:07:44 GMT+0100 (Romance Standard Time) Reasoner set as incremental.
Tue Dec 12 2017 18:07:44 GMT+0100 (Romance Standard Time) 752 triples loaded.
Tue Dec 12 2017 18:07:44 GMT+0100 (Romance Standard Time) Classification started.
Tue Dec 12 2017 18:07:44 GMT+0100 (Romance Standard Time) Registering derivations to dictionary...
Tue Dec 12 2017 18:07:44 GMT+0100 (Romance Standard Time) Registered successfully.
Tue Dec 12 2017 18:07:44 GMT+0100 (Romance Standard Time) Classification succeeded.
Tue Dec 12 2017 18:08:21 GMT+0100 (Romance Standard Time) Reasoner set as incremental.
Tue Dec 12 2017 18:08:21 GMT+0100 (Romance Standard Time) 752 triples loaded.
Tue Dec 12 2017 18:08:21 GMT+0100 (Romance Standard Time) Classification started.
Tue Dec 12 2017 18:08:21 GMT+0100 (Romance Standard Time) Registering derivations to dictionary...
Tue Dec 12 2017 18:08:21 GMT+0100 (Romance Standard Time) Registered successfully.
Tue Dec 12 2017 18:08:21 GMT+0100 (Romance Standard Time) Classification succeeded.
Wed Dec 13 2017 07:10:44 GMT+0100 (Romance Standard Time) Error: getaddrinfo ENOENT developer.api.autodesk.com:443
Wed Dec 13 2017 07:10:44 GMT+0100 (Romance Standard Time) (node:18952) UnhandledPromiseRejectionWarning: Unhandled promise rejection (rejection id: 1): ReferenceError: next is not defined
Wed Dec 13 2017 07:14:49 GMT+0100 (Romance Standard Time) Reasoner set as incremental.
Wed Dec 13 2017 07:14:49 GMT+0100 (Romance Standard Time) 752 triples loaded.
Wed Dec 13 2017 07:14:49 GMT+0100 (Romance Standard Time) Classification started.
Wed Dec 13 2017 07:14:49 GMT+0100 (Romance Standard Time) Registering derivations to dictionary...
Wed Dec 13 2017 07:14:49 GMT+0100 (Romance Standard Time) Registered successfully.
Wed Dec 13 2017 07:14:49 GMT+0100 (Romance Standard Time) Classification succeeded.
Wed Dec 13 2017 07:18:49 GMT+0100 (Romance Standard Time) Reasoner set as incremental.
Wed Dec 13 2017 07:18:49 GMT+0100 (Romance Standard Time) 752 triples loaded.
Wed Dec 13 2017 07:18:49 GMT+0100 (Romance Standard Time) Classification started.
Wed Dec 13 2017 07:18:49 GMT+0100 (Romance Standard Time) Registering derivations to dictionary...
Wed Dec 13 2017 07:18:49 GMT+0100 (Romance Standard Time) Registered successfully.
Wed Dec 13 2017 07:18:49 GMT+0100 (Romance Standard Time) Classification succeeded.
Wed Dec 13 2017 08:04:19 GMT+0100 (Romance Standard Time) Reasoner set as incremental.
Wed Dec 13 2017 08:04:20 GMT+0100 (Romance Standard Time) 752 triples loaded.
Wed Dec 13 2017 08:04:20 GMT+0100 (Romance Standard Time) Classification started.
Wed Dec 13 2017 08:04:20 GMT+0100 (Romance Standard Time) Registering derivations to dictionary...
Wed Dec 13 2017 08:04:20 GMT+0100 (Romance Standard Time) Registered successfully.
Wed Dec 13 2017 08:04:20 GMT+0100 (Romance Standard Time) Classification succeeded.
Wed Dec 13 2017 08:05:25 GMT+0100 (Romance Standard Time) Reasoner set as incremental.
Wed Dec 13 2017 08:05:25 GMT+0100 (Romance Standard Time) 752 triples loaded.
Wed Dec 13 2017 08:05:25 GMT+0100 (Romance Standard Time) Classification started.
Wed Dec 13 2017 08:05:25 GMT+0100 (Romance Standard Time) Registering derivations to dictionary...
Wed Dec 13 2017 08:05:25 GMT+0100 (Romance Standard Time) Registered successfully.
Wed Dec 13 2017 08:05:25 GMT+0100 (Romance Standard Time) Classification succeeded.
Wed Dec 13 2017 08:05:46 GMT+0100 (Romance Standard Time) 752 triples loaded.
Wed Dec 13 2017 08:05:46 GMT+0100 (Romance Standard Time) Classification started.
Wed Dec 13 2017 08:05:46 GMT+0100 (Romance Standard Time) Registering derivations to dictionary...
Wed Dec 13 2017 08:05:46 GMT+0100 (Romance Standard Time) Registered successfully.
Wed Dec 13 2017 08:05:46 GMT+0100 (Romance Standard Time) Classification succeeded.
Wed Dec 13 2017 08:06:45 GMT+0100 (Romance Standard Time) 752 triples loaded.
Wed Dec 13 2017 08:06:45 GMT+0100 (Romance Standard Time) Classification started.
Wed Dec 13 2017 08:06:45 GMT+0100 (Romance Standard Time) Registering derivations to dictionary...
Wed Dec 13 2017 08:06:45 GMT+0100 (Romance Standard Time) Registered successfully.
Wed Dec 13 2017 08:06:45 GMT+0100 (Romance Standard Time) Classification succeeded.
Wed Dec 13 2017 08:07:05 GMT+0100 (Romance Standard Time) 752 triples loaded.
Wed Dec 13 2017 08:07:05 GMT+0100 (Romance Standard Time) Classification started.
Wed Dec 13 2017 08:07:05 GMT+0100 (Romance Standard Time) Registering derivations to dictionary...
Wed Dec 13 2017 08:07:05 GMT+0100 (Romance Standard Time) Registered successfully.
Wed Dec 13 2017 08:07:05 GMT+0100 (Romance Standard Time) Classification succeeded.
Wed Dec 13 2017 08:07:46 GMT+0100 (Romance Standard Time) 752 triples loaded.
Wed Dec 13 2017 08:07:46 GMT+0100 (Romance Standard Time) Classification started.
Wed Dec 13 2017 08:07:46 GMT+0100 (Romance Standard Time) Registering derivations to dictionary...
Wed Dec 13 2017 08:07:46 GMT+0100 (Romance Standard Time) Registered successfully.
Wed Dec 13 2017 08:07:46 GMT+0100 (Romance Standard Time) Classification succeeded.
Wed Dec 13 2017 08:07:59 GMT+0100 (Romance Standard Time) Reasoner set as incremental.
Wed Dec 13 2017 08:08:00 GMT+0100 (Romance Standard Time) 752 triples loaded.
Wed Dec 13 2017 08:08:00 GMT+0100 (Romance Standard Time) Classification started.
Wed Dec 13 2017 08:08:00 GMT+0100 (Romance Standard Time) Registering derivations to dictionary...
Wed Dec 13 2017 08:08:00 GMT+0100 (Romance Standard Time) Registered successfully.
Wed Dec 13 2017 08:08:00 GMT+0100 (Romance Standard Time) Classification succeeded.
Wed Dec 13 2017 08:09:08 GMT+0100 (Romance Standard Time) Reasoner set as incremental.
Wed Dec 13 2017 08:09:08 GMT+0100 (Romance Standard Time) 752 triples loaded.
Wed Dec 13 2017 08:09:08 GMT+0100 (Romance Standard Time) Classification started.
Wed Dec 13 2017 08:09:08 GMT+0100 (Romance Standard Time) Registering derivations to dictionary...
Wed Dec 13 2017 08:09:08 GMT+0100 (Romance Standard Time) Registered successfully.
Wed Dec 13 2017 08:09:08 GMT+0100 (Romance Standard Time) Classification succeeded.
Wed Dec 13 2017 08:09:34 GMT+0100 (Romance Standard Time) Reasoner set as incremental.
Wed Dec 13 2017 08:09:34 GMT+0100 (Romance Standard Time) 752 triples loaded.
Wed Dec 13 2017 08:09:34 GMT+0100 (Romance Standard Time) Classification started.
Wed Dec 13 2017 08:09:34 GMT+0100 (Romance Standard Time) Registering derivations to dictionary...
Wed Dec 13 2017 08:09:34 GMT+0100 (Romance Standard Time) Registered successfully.
Wed Dec 13 2017 08:09:34 GMT+0100 (Romance Standard Time) Classification succeeded.
Wed Dec 13 2017 08:10:25 GMT+0100 (Romance Standard Time) Reasoner set as incremental.
Wed Dec 13 2017 08:10:25 GMT+0100 (Romance Standard Time) 752 triples loaded.
Wed Dec 13 2017 08:10:25 GMT+0100 (Romance Standard Time) Classification started.
Wed Dec 13 2017 08:10:25 GMT+0100 (Romance Standard Time) Registering derivations to dictionary...
Wed Dec 13 2017 08:10:25 GMT+0100 (Romance Standard Time) Registered successfully.
Wed Dec 13 2017 08:10:25 GMT+0100 (Romance Standard Time) Classification succeeded.
Wed Dec 13 2017 08:14:15 GMT+0100 (Romance Standard Time) Reasoner set as incremental.
Wed Dec 13 2017 08:14:15 GMT+0100 (Romance Standard Time) 752 triples loaded.
Wed Dec 13 2017 08:14:15 GMT+0100 (Romance Standard Time) Classification started.
Wed Dec 13 2017 08:14:16 GMT+0100 (Romance Standard Time) Registering derivations to dictionary...
Wed Dec 13 2017 08:14:16 GMT+0100 (Romance Standard Time) Registered successfully.
Wed Dec 13 2017 08:14:16 GMT+0100 (Romance Standard Time) Classification succeeded.
Wed Dec 13 2017 08:15:09 GMT+0100 (Romance Standard Time) Reasoner set as incremental.
Wed Dec 13 2017 08:15:09 GMT+0100 (Romance Standard Time) 752 triples loaded.
Wed Dec 13 2017 08:15:09 GMT+0100 (Romance Standard Time) Classification started.
Wed Dec 13 2017 08:15:09 GMT+0100 (Romance Standard Time) Registering derivations to dictionary...
Wed Dec 13 2017 08:15:09 GMT+0100 (Romance Standard Time) Registered successfully.
Wed Dec 13 2017 08:15:09 GMT+0100 (Romance Standard Time) Classification succeeded.
Wed Dec 13 2017 08:15:20 GMT+0100 (Romance Standard Time) 752 triples loaded.
Wed Dec 13 2017 08:15:20 GMT+0100 (Romance Standard Time) Classification started.
Wed Dec 13 2017 08:15:20 GMT+0100 (Romance Standard Time) Registering derivations to dictionary...
Wed Dec 13 2017 08:15:20 GMT+0100 (Romance Standard Time) Registered successfully.
Wed Dec 13 2017 08:15:20 GMT+0100 (Romance Standard Time) Classification succeeded.
Wed Dec 13 2017 08:16:09 GMT+0100 (Romance Standard Time) Reasoner set as incremental.
Wed Dec 13 2017 08:16:10 GMT+0100 (Romance Standard Time) 752 triples loaded.
Wed Dec 13 2017 08:16:10 GMT+0100 (Romance Standard Time) Classification started.
Wed Dec 13 2017 08:16:10 GMT+0100 (Romance Standard Time) Registering derivations to dictionary...
Wed Dec 13 2017 08:16:10 GMT+0100 (Romance Standard Time) Registered successfully.
Wed Dec 13 2017 08:16:10 GMT+0100 (Romance Standard Time) Classification succeeded.
Wed Dec 13 2017 08:18:54 GMT+0100 (Romance Standard Time) Reasoner set as incremental.
Wed Dec 13 2017 08:18:54 GMT+0100 (Romance Standard Time) 752 triples loaded.
Wed Dec 13 2017 08:18:54 GMT+0100 (Romance Standard Time) Classification started.
Wed Dec 13 2017 08:18:54 GMT+0100 (Romance Standard Time) Registering derivations to dictionary...
Wed Dec 13 2017 08:18:54 GMT+0100 (Romance Standard Time) Registered successfully.
Wed Dec 13 2017 08:18:54 GMT+0100 (Romance Standard Time) Classification succeeded.
Wed Dec 13 2017 08:20:54 GMT+0100 (Romance Standard Time) 752 triples loaded.
Wed Dec 13 2017 08:20:54 GMT+0100 (Romance Standard Time) Classification started.
Wed Dec 13 2017 08:20:54 GMT+0100 (Romance Standard Time) Registering derivations to dictionary...
Wed Dec 13 2017 08:20:54 GMT+0100 (Romance Standard Time) Registered successfully.
Wed Dec 13 2017 08:20:54 GMT+0100 (Romance Standard Time) Classification succeeded.
Wed Dec 13 2017 08:22:55 GMT+0100 (Romance Standard Time) 752 triples loaded.
Wed Dec 13 2017 08:22:55 GMT+0100 (Romance Standard Time) Classification started.
Wed Dec 13 2017 08:22:55 GMT+0100 (Romance Standard Time) Registering derivations to dictionary...
Wed Dec 13 2017 08:22:55 GMT+0100 (Romance Standard Time) Registered successfully.
Wed Dec 13 2017 08:22:55 GMT+0100 (Romance Standard Time) Classification succeeded.
Wed Dec 13 2017 08:23:02 GMT+0100 (Romance Standard Time) 752 triples loaded.
Wed Dec 13 2017 08:23:02 GMT+0100 (Romance Standard Time) Classification started.
Wed Dec 13 2017 08:23:02 GMT+0100 (Romance Standard Time) Registering derivations to dictionary...
Wed Dec 13 2017 08:23:02 GMT+0100 (Romance Standard Time) Registered successfully.
Wed Dec 13 2017 08:23:02 GMT+0100 (Romance Standard Time) Classification succeeded.
Wed Dec 13 2017 08:23:31 GMT+0100 (Romance Standard Time) 752 triples loaded.
Wed Dec 13 2017 08:23:31 GMT+0100 (Romance Standard Time) Classification started.
Wed Dec 13 2017 08:23:31 GMT+0100 (Romance Standard Time) Registering derivations to dictionary...
Wed Dec 13 2017 08:23:31 GMT+0100 (Romance Standard Time) Registered successfully.
Wed Dec 13 2017 08:23:31 GMT+0100 (Romance Standard Time) Classification succeeded.
Wed Dec 13 2017 08:23:56 GMT+0100 (Romance Standard Time) 752 triples loaded.
Wed Dec 13 2017 08:23:56 GMT+0100 (Romance Standard Time) Classification started.
Wed Dec 13 2017 08:23:56 GMT+0100 (Romance Standard Time) Registering derivations to dictionary...
Wed Dec 13 2017 08:23:56 GMT+0100 (Romance Standard Time) Registered successfully.
Wed Dec 13 2017 08:23:56 GMT+0100 (Romance Standard Time) Classification succeeded.
Wed Dec 13 2017 08:25:31 GMT+0100 (Romance Standard Time) 752 triples loaded.
Wed Dec 13 2017 08:25:31 GMT+0100 (Romance Standard Time) Classification started.
Wed Dec 13 2017 08:25:31 GMT+0100 (Romance Standard Time) Registering derivations to dictionary...
Wed Dec 13 2017 08:25:31 GMT+0100 (Romance Standard Time) Registered successfully.
Wed Dec 13 2017 08:25:31 GMT+0100 (Romance Standard Time) Classification succeeded.
Wed Dec 13 2017 08:37:46 GMT+0100 (Romance Standard Time) 752 triples loaded.
Wed Dec 13 2017 08:37:46 GMT+0100 (Romance Standard Time) Classification started.
Wed Dec 13 2017 08:37:46 GMT+0100 (Romance Standard Time) Registering derivations to dictionary...
Wed Dec 13 2017 08:37:46 GMT+0100 (Romance Standard Time) Registered successfully.
Wed Dec 13 2017 08:37:46 GMT+0100 (Romance Standard Time) Classification succeeded.
Wed Dec 13 2017 08:37:56 GMT+0100 (Romance Standard Time) 752 triples loaded.
Wed Dec 13 2017 08:37:56 GMT+0100 (Romance Standard Time) Classification started.
Wed Dec 13 2017 08:37:56 GMT+0100 (Romance Standard Time) Registering derivations to dictionary...
Wed Dec 13 2017 08:37:56 GMT+0100 (Romance Standard Time) Registered successfully.
Wed Dec 13 2017 08:37:56 GMT+0100 (Romance Standard Time) Classification succeeded.
Wed Dec 13 2017 08:39:42 GMT+0100 (Romance Standard Time) 752 triples loaded.
Wed Dec 13 2017 08:39:42 GMT+0100 (Romance Standard Time) Classification started.
Wed Dec 13 2017 08:39:42 GMT+0100 (Romance Standard Time) Registering derivations to dictionary...
Wed Dec 13 2017 08:39:42 GMT+0100 (Romance Standard Time) Registered successfully.
Wed Dec 13 2017 08:39:42 GMT+0100 (Romance Standard Time) Classification succeeded.
Wed Dec 13 2017 08:46:51 GMT+0100 (Romance Standard Time) Reasoner set as incremental.
Wed Dec 13 2017 08:46:51 GMT+0100 (Romance Standard Time) 752 triples loaded.
Wed Dec 13 2017 08:46:51 GMT+0100 (Romance Standard Time) Classification started.
Wed Dec 13 2017 08:46:51 GMT+0100 (Romance Standard Time) Registering derivations to dictionary...
Wed Dec 13 2017 08:46:51 GMT+0100 (Romance Standard Time) Registered successfully.
Wed Dec 13 2017 08:46:51 GMT+0100 (Romance Standard Time) Classification succeeded.
Wed Dec 13 2017 08:47:38 GMT+0100 (Romance Standard Time) Reasoner set as incremental.
Wed Dec 13 2017 08:47:38 GMT+0100 (Romance Standard Time) 752 triples loaded.
Wed Dec 13 2017 08:47:38 GMT+0100 (Romance Standard Time) Classification started.
Wed Dec 13 2017 08:47:38 GMT+0100 (Romance Standard Time) Registering derivations to dictionary...
Wed Dec 13 2017 08:47:38 GMT+0100 (Romance Standard Time) Registered successfully.
Wed Dec 13 2017 08:47:38 GMT+0100 (Romance Standard Time) Classification succeeded.
Wed Dec 13 2017 08:51:56 GMT+0100 (Romance Standard Time) Reasoner set as incremental.
Wed Dec 13 2017 08:51:56 GMT+0100 (Romance Standard Time) 752 triples loaded.
Wed Dec 13 2017 08:51:56 GMT+0100 (Romance Standard Time) Classification started.
Wed Dec 13 2017 08:51:56 GMT+0100 (Romance Standard Time) Registering derivations to dictionary...
Wed Dec 13 2017 08:51:56 GMT+0100 (Romance Standard Time) Registered successfully.
Wed Dec 13 2017 08:51:56 GMT+0100 (Romance Standard Time) Classification succeeded.
Wed Dec 13 2017 08:52:11 GMT+0100 (Romance Standard Time) 752 triples loaded.
Wed Dec 13 2017 08:52:11 GMT+0100 (Romance Standard Time) Classification started.
Wed Dec 13 2017 08:52:11 GMT+0100 (Romance Standard Time) Registering derivations to dictionary...
Wed Dec 13 2017 08:52:11 GMT+0100 (Romance Standard Time) Registered successfully.
Wed Dec 13 2017 08:52:11 GMT+0100 (Romance Standard Time) Classification succeeded.
Wed Dec 13 2017 09:01:52 GMT+0100 (Romance Standard Time) Reasoner set as incremental.
Wed Dec 13 2017 09:01:52 GMT+0100 (Romance Standard Time) 752 triples loaded.
Wed Dec 13 2017 09:01:52 GMT+0100 (Romance Standard Time) Classification started.
Wed Dec 13 2017 09:01:52 GMT+0100 (Romance Standard Time) Registering derivations to dictionary...
Wed Dec 13 2017 09:01:52 GMT+0100 (Romance Standard Time) Registered successfully.
Wed Dec 13 2017 09:01:52 GMT+0100 (Romance Standard Time) Classification succeeded.
Wed Dec 13 2017 09:10:57 GMT+0100 (Romance Standard Time) Reasoner set as incremental.
Wed Dec 13 2017 09:10:57 GMT+0100 (Romance Standard Time) 752 triples loaded.
Wed Dec 13 2017 09:10:57 GMT+0100 (Romance Standard Time) Classification started.
Wed Dec 13 2017 09:10:57 GMT+0100 (Romance Standard Time) Registering derivations to dictionary...
Wed Dec 13 2017 09:10:57 GMT+0100 (Romance Standard Time) Registered successfully.
Wed Dec 13 2017 09:10:57 GMT+0100 (Romance Standard Time) Classification succeeded.
Wed Dec 13 2017 09:15:06 GMT+0100 (Romance Standard Time) Reasoner set as incremental.
Wed Dec 13 2017 09:15:06 GMT+0100 (Romance Standard Time) 752 triples loaded.
Wed Dec 13 2017 09:15:06 GMT+0100 (Romance Standard Time) Classification started.
Wed Dec 13 2017 09:15:06 GMT+0100 (Romance Standard Time) Registering derivations to dictionary...
Wed Dec 13 2017 09:15:06 GMT+0100 (Romance Standard Time) Registered successfully.
Wed Dec 13 2017 09:15:06 GMT+0100 (Romance Standard Time) Classification succeeded.
Wed Dec 13 2017 09:16:20 GMT+0100 (Romance Standard Time) Reasoner set as incremental.
Wed Dec 13 2017 09:16:20 GMT+0100 (Romance Standard Time) 752 triples loaded.
Wed Dec 13 2017 09:16:20 GMT+0100 (Romance Standard Time) Classification started.
Wed Dec 13 2017 09:16:20 GMT+0100 (Romance Standard Time) Registering derivations to dictionary...
Wed Dec 13 2017 09:16:20 GMT+0100 (Romance Standard Time) Registered successfully.
Wed Dec 13 2017 09:16:20 GMT+0100 (Romance Standard Time) Classification succeeded.
Wed Dec 13 2017 09:16:47 GMT+0100 (Romance Standard Time) 752 triples loaded.
Wed Dec 13 2017 09:16:47 GMT+0100 (Romance Standard Time) Classification started.
Wed Dec 13 2017 09:16:47 GMT+0100 (Romance Standard Time) Registering derivations to dictionary...
Wed Dec 13 2017 09:16:47 GMT+0100 (Romance Standard Time) Registered successfully.
Wed Dec 13 2017 09:16:47 GMT+0100 (Romance Standard Time) Classification succeeded.
Wed Dec 13 2017 09:17:52 GMT+0100 (Romance Standard Time) Reasoner set as incremental.
Wed Dec 13 2017 09:17:52 GMT+0100 (Romance Standard Time) 752 triples loaded.
Wed Dec 13 2017 09:17:52 GMT+0100 (Romance Standard Time) Classification started.
Wed Dec 13 2017 09:17:52 GMT+0100 (Romance Standard Time) Registering derivations to dictionary...
Wed Dec 13 2017 09:17:52 GMT+0100 (Romance Standard Time) Registered successfully.
Wed Dec 13 2017 09:17:52 GMT+0100 (Romance Standard Time) Classification succeeded.
Wed Dec 13 2017 09:18:00 GMT+0100 (Romance Standard Time) 752 triples loaded.
Wed Dec 13 2017 09:18:00 GMT+0100 (Romance Standard Time) Classification started.
Wed Dec 13 2017 09:18:00 GMT+0100 (Romance Standard Time) Registering derivations to dictionary...
Wed Dec 13 2017 09:18:00 GMT+0100 (Romance Standard Time) Registered successfully.
Wed Dec 13 2017 09:18:00 GMT+0100 (Romance Standard Time) Classification succeeded.
Wed Dec 13 2017 09:18:10 GMT+0100 (Romance Standard Time) 752 triples loaded.
Wed Dec 13 2017 09:18:10 GMT+0100 (Romance Standard Time) Classification started.
Wed Dec 13 2017 09:18:11 GMT+0100 (Romance Standard Time) Registering derivations to dictionary...
Wed Dec 13 2017 09:18:11 GMT+0100 (Romance Standard Time) Registered successfully.
Wed Dec 13 2017 09:18:11 GMT+0100 (Romance Standard Time) Classification succeeded.
Wed Dec 13 2017 09:20:19 GMT+0100 (Romance Standard Time) Reasoner set as incremental.
Wed Dec 13 2017 09:20:19 GMT+0100 (Romance Standard Time) 752 triples loaded.
Wed Dec 13 2017 09:20:19 GMT+0100 (Romance Standard Time) Classification started.
Wed Dec 13 2017 09:20:19 GMT+0100 (Romance Standard Time) Registering derivations to dictionary...
Wed Dec 13 2017 09:20:19 GMT+0100 (Romance Standard Time) Registered successfully.
Wed Dec 13 2017 09:20:19 GMT+0100 (Romance Standard Time) Classification succeeded.
Wed Dec 13 2017 09:43:30 GMT+0100 (Romance Standard Time) Reasoner set as incremental.
Wed Dec 13 2017 09:43:30 GMT+0100 (Romance Standard Time) 752 triples loaded.
Wed Dec 13 2017 09:43:30 GMT+0100 (Romance Standard Time) Classification started.
Wed Dec 13 2017 09:43:30 GMT+0100 (Romance Standard Time) Registering derivations to dictionary...
Wed Dec 13 2017 09:43:30 GMT+0100 (Romance Standard Time) Registered successfully.
Wed Dec 13 2017 09:43:30 GMT+0100 (Romance Standard Time) Classification succeeded.
Wed Dec 13 2017 09:49:10 GMT+0100 (Romance Standard Time) Reasoner set as incremental.
Wed Dec 13 2017 09:49:10 GMT+0100 (Romance Standard Time) 752 triples loaded.
Wed Dec 13 2017 09:49:10 GMT+0100 (Romance Standard Time) Classification started.
Wed Dec 13 2017 09:49:10 GMT+0100 (Romance Standard Time) Registering derivations to dictionary...
Wed Dec 13 2017 09:49:10 GMT+0100 (Romance Standard Time) Registered successfully.
Wed Dec 13 2017 09:49:10 GMT+0100 (Romance Standard Time) Classification succeeded.
Wed Dec 13 2017 09:51:26 GMT+0100 (Romance Standard Time) Reasoner set as incremental.
Wed Dec 13 2017 09:51:26 GMT+0100 (Romance Standard Time) 752 triples loaded.
Wed Dec 13 2017 09:51:26 GMT+0100 (Romance Standard Time) Classification started.
Wed Dec 13 2017 09:51:26 GMT+0100 (Romance Standard Time) Registering derivations to dictionary...
Wed Dec 13 2017 09:51:26 GMT+0100 (Romance Standard Time) Registered successfully.
Wed Dec 13 2017 09:51:26 GMT+0100 (Romance Standard Time) Classification succeeded.
Wed Dec 13 2017 09:51:59 GMT+0100 (Romance Standard Time) 752 triples loaded.
Wed Dec 13 2017 09:51:59 GMT+0100 (Romance Standard Time) Classification started.
Wed Dec 13 2017 09:51:59 GMT+0100 (Romance Standard Time) Registering derivations to dictionary...
Wed Dec 13 2017 09:51:59 GMT+0100 (Romance Standard Time) Registered successfully.
Wed Dec 13 2017 09:51:59 GMT+0100 (Romance Standard Time) Classification succeeded.
Wed Dec 13 2017 10:01:48 GMT+0100 (Romance Standard Time) Reasoner set as incremental.
Wed Dec 13 2017 10:01:48 GMT+0100 (Romance Standard Time) 752 triples loaded.
Wed Dec 13 2017 10:01:48 GMT+0100 (Romance Standard Time) Classification started.
Wed Dec 13 2017 10:01:48 GMT+0100 (Romance Standard Time) Registering derivations to dictionary...
Wed Dec 13 2017 10:01:48 GMT+0100 (Romance Standard Time) Registered successfully.
Wed Dec 13 2017 10:01:48 GMT+0100 (Romance Standard Time) Classification succeeded.
Wed Dec 13 2017 10:02:03 GMT+0100 (Romance Standard Time) 752 triples loaded.
Wed Dec 13 2017 10:02:03 GMT+0100 (Romance Standard Time) Classification started.
Wed Dec 13 2017 10:02:03 GMT+0100 (Romance Standard Time) Registering derivations to dictionary...
Wed Dec 13 2017 10:02:03 GMT+0100 (Romance Standard Time) Registered successfully.
Wed Dec 13 2017 10:02:03 GMT+0100 (Romance Standard Time) Classification succeeded.
Wed Dec 13 2017 10:02:15 GMT+0100 (Romance Standard Time) 752 triples loaded.
Wed Dec 13 2017 10:02:15 GMT+0100 (Romance Standard Time) Classification started.
Wed Dec 13 2017 10:02:15 GMT+0100 (Romance Standard Time) Registering derivations to dictionary...
Wed Dec 13 2017 10:02:15 GMT+0100 (Romance Standard Time) Registered successfully.
Wed Dec 13 2017 10:02:15 GMT+0100 (Romance Standard Time) Classification succeeded.
